{"/mnt/d/js-sonar-demo/app.js": {"path":"/mnt/d/js-sonar-demo/app.js","statementMap":{"0":{"start":{"line":2,"column":4},"end":{"line":2,"column":34}},"1":{"start":{"line":5,"column":0},"end":{"line":5,"column":23}}},"fnMap":{"0":{"name":"greet","decl":{"start":{"line":1,"column":9},"end":{"line":1,"column":14}},"loc":{"start":{"line":1,"column":21},"end":{"line":3,"column":1}},"line":1}},"branchMap":{},"s":{"0":1,"1":1},"f":{"0":1},"b":{},"_coverageSchema":"1a1c01bbd47fc00a2c39e90264f33305004495a9","hash":"1ebd007fd68b55fc26c552f7ab1406496ed98437"}
}
